  main.cpp
C:\Users\uw543e\source\repos\softwareTestProj2-integration-testing\softwareTestProj2-integration-testing\testMethodProj2\main.cpp(1,1): warning C4828: The file contains a character starting at offset 0x20d that is illegal in the current source character set (codepage 65001).
C:\Users\uw543e\source\repos\softwareTestProj2-integration-testing\softwareTestProj2-integration-testing\testMethodProj2\main.cpp(1,1): warning C4828: The file contains a character starting at offset 0x684 that is illegal in the current source character set (codepage 65001).
C:\Users\uw543e\source\repos\softwareTestProj2-integration-testing\softwareTestProj2-integration-testing\testMethodProj2\startApplicationS.h(1,1): warning C4828: The file contains a character starting at offset 0x29c that is illegal in the current source character set (codepage 65001).
C:\Users\uw543e\source\repos\softwareTestProj2-integration-testing\softwareTestProj2-integration-testing\testMethodProj2\startApplicationS.h(1,1): warning C4828: The file contains a character starting at offset 0x45d that is illegal in the current source character set (codepage 65001).
C:\Users\uw543e\source\repos\softwareTestProj2-integration-testing\softwareTestProj2-integration-testing\testMethodProj2\startApplicationS.h(1,1): warning C4828: The file contains a character starting at offset 0x4e4 that is illegal in the current source character set (codepage 65001).
C:\Users\uw543e\source\repos\softwareTestProj2-integration-testing\softwareTestProj2-integration-testing\testMethodProj2\startApplicationS.h(1,1): warning C4828: The file contains a character starting at offset 0x624 that is illegal in the current source character set (codepage 65001).
C:\Users\uw543e\source\repos\softwareTestProj2-integration-testing\softwareTestProj2-integration-testing\testMethodProj2\startApplicationS.h(1,1): warning C4828: The file contains a character starting at offset 0x64c that is illegal in the current source character set (codepage 65001).
C:\Users\uw543e\source\repos\softwareTestProj2-integration-testing\softwareTestProj2-integration-testing\testMethodProj2\startApplicationS.h(1,1): warning C4828: The file contains a character starting at offset 0x83c that is illegal in the current source character set (codepage 65001).
C:\Users\uw543e\source\repos\softwareTestProj2-integration-testing\softwareTestProj2-integration-testing\testMethodProj2\startApplicationS.h(1,1): warning C4828: The file contains a character starting at offset 0x8a6 that is illegal in the current source character set (codepage 65001).
C:\Users\uw543e\source\repos\softwareTestProj2-integration-testing\softwareTestProj2-integration-testing\testMethodProj2\startApplicationS.h(1,1): warning C4828: The file contains a character starting at offset 0x911 that is illegal in the current source character set (codepage 65001).
C:\Users\uw543e\source\repos\softwareTestProj2-integration-testing\softwareTestProj2-integration-testing\testMethodProj2\startApplicationS.h(1,1): warning C4828: The file contains a character starting at offset 0x93c that is illegal in the current source character set (codepage 65001).
C:\Users\uw543e\source\repos\softwareTestProj2-integration-testing\softwareTestProj2-integration-testing\testMethodProj2\startApplicationS.h(1,1): warning C4828: The file contains a character starting at offset 0x9cb that is illegal in the current source character set (codepage 65001).
C:\Users\uw543e\source\repos\softwareTestProj2-integration-testing\softwareTestProj2-integration-testing\testMethodProj2\startApplicationS.h(1,1): warning C4828: The file contains a character starting at offset 0x9ce that is illegal in the current source character set (codepage 65001).
C:\Users\uw543e\source\repos\softwareTestProj2-integration-testing\softwareTestProj2-integration-testing\testMethodProj2\startApplicationS.h(1,1): warning C4828: The file contains a character starting at offset 0x9ef that is illegal in the current source character set (codepage 65001).
C:\Users\uw543e\source\repos\softwareTestProj2-integration-testing\softwareTestProj2-integration-testing\testMethodProj2\startApplicationS.h(1,1): warning C4828: The file contains a character starting at offset 0xa43 that is illegal in the current source character set (codepage 65001).
C:\Users\uw543e\source\repos\softwareTestProj2-integration-testing\softwareTestProj2-integration-testing\testMethodProj2\startApplicationS.h(1,1): warning C4828: The file contains a character starting at offset 0xb0b that is illegal in the current source character set (codepage 65001).
C:\Users\uw543e\source\repos\softwareTestProj2-integration-testing\softwareTestProj2-integration-testing\testMethodProj2\startApplicationS.h(1,1): warning C4828: The file contains a character starting at offset 0xb11 that is illegal in the current source character set (codepage 65001).
C:\Users\uw543e\source\repos\softwareTestProj2-integration-testing\softwareTestProj2-integration-testing\testMethodProj2\startApplicationS.h(1,1): warning C4828: The file contains a character starting at offset 0xb44 that is illegal in the current source character set (codepage 65001).
C:\Users\uw543e\source\repos\softwareTestProj2-integration-testing\softwareTestProj2-integration-testing\testMethodProj2\startApplicationS.h(1,1): warning C4828: The file contains a character starting at offset 0xc09 that is illegal in the current source character set (codepage 65001).
C:\Users\uw543e\source\repos\softwareTestProj2-integration-testing\softwareTestProj2-integration-testing\testMethodProj2\startApplicationS.h(1,1): warning C4828: The file contains a character starting at offset 0xc73 that is illegal in the current source character set (codepage 65001).
C:\Users\uw543e\source\repos\softwareTestProj2-integration-testing\softwareTestProj2-integration-testing\testMethodProj2\startApplicationS.h(1,1): warning C4828: The file contains a character starting at offset 0xcdd that is illegal in the current source character set (codepage 65001).
C:\Users\uw543e\source\repos\softwareTestProj2-integration-testing\softwareTestProj2-integration-testing\testMethodProj2\startApplicationS.h(1,1): warning C4828: The file contains a character starting at offset 0xd49 that is illegal in the current source character set (codepage 65001).
C:\Users\uw543e\source\repos\softwareTestProj2-integration-testing\softwareTestProj2-integration-testing\testMethodProj2\startApplicationS.h(1,1): warning C4828: The file contains a character starting at offset 0xd74 that is illegal in the current source character set (codepage 65001).
C:\Users\uw543e\source\repos\softwareTestProj2-integration-testing\softwareTestProj2-integration-testing\testMethodProj2\startApplicationS.h(1,1): warning C4828: The file contains a character starting at offset 0xe05 that is illegal in the current source character set (codepage 65001).
C:\Users\uw543e\source\repos\softwareTestProj2-integration-testing\softwareTestProj2-integration-testing\testMethodProj2\startApplicationS.h(1,1): warning C4828: The file contains a character starting at offset 0xe08 that is illegal in the current source character set (codepage 65001).
C:\Users\uw543e\source\repos\softwareTestProj2-integration-testing\softwareTestProj2-integration-testing\testMethodProj2\startApplicationS.h(1,1): warning C4828: The file contains a character starting at offset 0xe29 that is illegal in the current source character set (codepage 65001).
C:\Users\uw543e\source\repos\softwareTestProj2-integration-testing\softwareTestProj2-integration-testing\testMethodProj2\startApplicationS.h(1,1): warning C4828: The file contains a character starting at offset 0xe7e that is illegal in the current source character set (codepage 65001).
C:\Users\uw543e\source\repos\softwareTestProj2-integration-testing\softwareTestProj2-integration-testing\testMethodProj2\startApplicationS.h(1,1): warning C4828: The file contains a character starting at offset 0xf46 that is illegal in the current source character set (codepage 65001).
C:\Users\uw543e\source\repos\softwareTestProj2-integration-testing\softwareTestProj2-integration-testing\testMethodProj2\startApplicationS.h(1,1): warning C4828: The file contains a character starting at offset 0xf4c that is illegal in the current source character set (codepage 65001).
C:\Users\uw543e\source\repos\softwareTestProj2-integration-testing\softwareTestProj2-integration-testing\testMethodProj2\startApplicationS.h(1,1): warning C4828: The file contains a character starting at offset 0x105b that is illegal in the current source character set (codepage 65001).
C:\Users\uw543e\source\repos\softwareTestProj2-integration-testing\softwareTestProj2-integration-testing\testMethodProj2\startApplicationS.h(1,1): warning C4828: The file contains a character starting at offset 0x10db that is illegal in the current source character set (codepage 65001).
C:\Users\uw543e\source\repos\softwareTestProj2-integration-testing\softwareTestProj2-integration-testing\testMethodProj2\startApplicationS.h(1,1): warning C4828: The file contains a character starting at offset 0x1169 that is illegal in the current source character set (codepage 65001).
C:\Users\uw543e\source\repos\softwareTestProj2-integration-testing\softwareTestProj2-integration-testing\testMethodProj2\startApplicationS.h(1,1): warning C4828: The file contains a character starting at offset 0x11a2 that is illegal in the current source character set (codepage 65001).
C:\Users\uw543e\source\repos\softwareTestProj2-integration-testing\softwareTestProj2-integration-testing\testMethodProj2\startApplicationS.h(1,1): warning C4828: The file contains a character starting at offset 0x11cc that is illegal in the current source character set (codepage 65001).
C:\Users\uw543e\source\repos\softwareTestProj2-integration-testing\softwareTestProj2-integration-testing\testMethodProj2\startApplicationS.h(1,1): warning C4828: The file contains a character starting at offset 0x11e7 that is illegal in the current source character set (codepage 65001).
C:\Users\uw543e\source\repos\softwareTestProj2-integration-testing\softwareTestProj2-integration-testing\testMethodProj2\startApplicationS.h(1,1): warning C4828: The file contains a character starting at offset 0x127d that is illegal in the current source character set (codepage 65001).
C:\Users\uw543e\source\repos\softwareTestProj2-integration-testing\softwareTestProj2-integration-testing\testMethodProj2\startApplicationS.h(1,1): warning C4828: The file contains a character starting at offset 0x1280 that is illegal in the current source character set (codepage 65001).
C:\Users\uw543e\source\repos\softwareTestProj2-integration-testing\softwareTestProj2-integration-testing\testMethodProj2\startApplicationS.h(1,1): warning C4828: The file contains a character starting at offset 0x12af that is illegal in the current source character set (codepage 65001).
C:\Users\uw543e\source\repos\softwareTestProj2-integration-testing\softwareTestProj2-integration-testing\testMethodProj2\startApplicationS.h(1,1): warning C4828: The file contains a character starting at offset 0x1377 that is illegal in the current source character set (codepage 65001).
C:\Users\uw543e\source\repos\softwareTestProj2-integration-testing\softwareTestProj2-integration-testing\testMethodProj2\startApplicationS.h(1,1): warning C4828: The file contains a character starting at offset 0x138b that is illegal in the current source character set (codepage 65001).
C:\Users\uw543e\source\repos\softwareTestProj2-integration-testing\softwareTestProj2-integration-testing\testMethodProj2\startApplicationS.h(1,1): warning C4828: The file contains a character starting at offset 0x13fa that is illegal in the current source character set (codepage 65001).
C:\Users\uw543e\source\repos\softwareTestProj2-integration-testing\softwareTestProj2-integration-testing\testMethodProj2\startApplicationS.h(1,1): warning C4828: The file contains a character starting at offset 0x1424 that is illegal in the current source character set (codepage 65001).
C:\Users\uw543e\source\repos\softwareTestProj2-integration-testing\softwareTestProj2-integration-testing\testMethodProj2\startApplicationS.h(1,1): warning C4828: The file contains a character starting at offset 0x14d6 that is illegal in the current source character set (codepage 65001).
C:\Users\uw543e\source\repos\softwareTestProj2-integration-testing\softwareTestProj2-integration-testing\testMethodProj2\startApplicationS.h(1,1): warning C4828: The file contains a character starting at offset 0x1597 that is illegal in the current source character set (codepage 65001).
C:\Users\uw543e\source\repos\softwareTestProj2-integration-testing\softwareTestProj2-integration-testing\testMethodProj2\startApplicationS.h(1,1): warning C4828: The file contains a character starting at offset 0x1622 that is illegal in the current source character set (codepage 65001).
C:\Users\uw543e\source\repos\softwareTestProj2-integration-testing\softwareTestProj2-integration-testing\testMethodProj2\startApplicationS.h(1,1): warning C4828: The file contains a character starting at offset 0x16a2 that is illegal in the current source character set (codepage 65001).
C:\Users\uw543e\source\repos\softwareTestProj2-integration-testing\softwareTestProj2-integration-testing\testMethodProj2\startApplicationS.h(1,1): warning C4828: The file contains a character starting at offset 0x1730 that is illegal in the current source character set (codepage 65001).
C:\Users\uw543e\source\repos\softwareTestProj2-integration-testing\softwareTestProj2-integration-testing\testMethodProj2\startApplicationS.h(1,1): warning C4828: The file contains a character starting at offset 0x1769 that is illegal in the current source character set (codepage 65001).
C:\Users\uw543e\source\repos\softwareTestProj2-integration-testing\softwareTestProj2-integration-testing\testMethodProj2\startApplicationS.h(1,1): warning C4828: The file contains a character starting at offset 0x1793 that is illegal in the current source character set (codepage 65001).
C:\Users\uw543e\source\repos\softwareTestProj2-integration-testing\softwareTestProj2-integration-testing\testMethodProj2\startApplicationS.h(1,1): warning C4828: The file contains a character starting at offset 0x17ae that is illegal in the current source character set (codepage 65001).
C:\Users\uw543e\source\repos\softwareTestProj2-integration-testing\softwareTestProj2-integration-testing\testMethodProj2\startApplicationS.h(1,1): warning C4828: The file contains a character starting at offset 0x1844 that is illegal in the current source character set (codepage 65001).
C:\Users\uw543e\source\repos\softwareTestProj2-integration-testing\softwareTestProj2-integration-testing\testMethodProj2\startApplicationS.h(1,1): warning C4828: The file contains a character starting at offset 0x1847 that is illegal in the current source character set (codepage 65001).
C:\Users\uw543e\source\repos\softwareTestProj2-integration-testing\softwareTestProj2-integration-testing\testMethodProj2\startApplicationS.h(1,1): warning C4828: The file contains a character starting at offset 0x1876 that is illegal in the current source character set (codepage 65001).
C:\Users\uw543e\source\repos\softwareTestProj2-integration-testing\softwareTestProj2-integration-testing\testMethodProj2\startApplicationS.h(1,1): warning C4828: The file contains a character starting at offset 0x193e that is illegal in the current source character set (codepage 65001).
C:\Users\uw543e\source\repos\softwareTestProj2-integration-testing\softwareTestProj2-integration-testing\testMethodProj2\startApplicationS.h(1,1): warning C4828: The file contains a character starting at offset 0x1952 that is illegal in the current source character set (codepage 65001).
C:\Users\uw543e\source\repos\softwareTestProj2-integration-testing\softwareTestProj2-integration-testing\testMethodProj2\startApplicationS.h(1,1): warning C4828: The file contains a character starting at offset 0x19c1 that is illegal in the current source character set (codepage 65001).
C:\Users\uw543e\source\repos\softwareTestProj2-integration-testing\softwareTestProj2-integration-testing\testMethodProj2\startApplicationS.h(1,1): warning C4828: The file contains a character starting at offset 0x19eb that is illegal in the current source character set (codepage 65001).
C:\Users\uw543e\source\repos\softwareTestProj2-integration-testing\softwareTestProj2-integration-testing\testMethodProj2\startApplicationS.h(1,1): warning C4828: The file contains a character starting at offset 0x1aa5 that is illegal in the current source character set (codepage 65001).
C:\Users\uw543e\source\repos\softwareTestProj2-integration-testing\softwareTestProj2-integration-testing\testMethodProj2\startApplicationS.h(1,1): warning C4828: The file contains a character starting at offset 0x1e12 that is illegal in the current source character set (codepage 65001).
C:\Users\uw543e\source\repos\softwareTestProj2-integration-testing\softwareTestProj2-integration-testing\testMethodProj2\startApplicationS.h(1,1): warning C4828: The file contains a character starting at offset 0x1e19 that is illegal in the current source character set (codepage 65001).
C:\Users\uw543e\source\repos\softwareTestProj2-integration-testing\softwareTestProj2-integration-testing\testMethodProj2\startApplicationS.h(1,1): warning C4828: The file contains a character starting at offset 0x1ea5 that is illegal in the current source character set (codepage 65001).
C:\Users\uw543e\source\repos\softwareTestProj2-integration-testing\softwareTestProj2-integration-testing\testMethodProj2\startApplicationS.h(1,1): warning C4828: The file contains a character starting at offset 0x1f02 that is illegal in the current source character set (codepage 65001).
C:\Users\uw543e\source\repos\softwareTestProj2-integration-testing\softwareTestProj2-integration-testing\testMethodProj2\startApplicationS.h(1,1): warning C4828: The file contains a character starting at offset 0x1f09 that is illegal in the current source character set (codepage 65001).
C:\Users\uw543e\source\repos\softwareTestProj2-integration-testing\softwareTestProj2-integration-testing\testMethodProj2\startApplicationS.h(1,1): warning C4828: The file contains a character starting at offset 0x2042 that is illegal in the current source character set (codepage 65001).
C:\Users\uw543e\source\repos\softwareTestProj2-integration-testing\softwareTestProj2-integration-testing\testMethodProj2\startApplicationS.h(1,1): warning C4828: The file contains a character starting at offset 0x2129 that is illegal in the current source character set (codepage 65001).
C:\Users\uw543e\source\repos\softwareTestProj2-integration-testing\softwareTestProj2-integration-testing\testMethodProj2\startApplicationS.h(1,1): warning C4828: The file contains a character starting at offset 0x218f that is illegal in the current source character set (codepage 65001).
C:\Users\uw543e\source\repos\softwareTestProj2-integration-testing\softwareTestProj2-integration-testing\testMethodProj2\startApplicationS.h(1,1): warning C4828: The file contains a character starting at offset 0x2214 that is illegal in the current source character set (codepage 65001).
C:\Users\uw543e\source\repos\softwareTestProj2-integration-testing\softwareTestProj2-integration-testing\testMethodProj2\startApplicationS.h(1,1): warning C4828: The file contains a character starting at offset 0x22b3 that is illegal in the current source character set (codepage 65001).
C:\Users\uw543e\source\repos\softwareTestProj2-integration-testing\softwareTestProj2-integration-testing\testMethodProj2\startApplicationS.h(1,1): warning C4828: The file contains a character starting at offset 0x22d1 that is illegal in the current source character set (codepage 65001).
C:\Users\uw543e\source\repos\softwareTestProj2-integration-testing\softwareTestProj2-integration-testing\testMethodProj2\startApplicationS.h(53,11): error C2001: newline in constant
C:\Users\uw543e\source\repos\softwareTestProj2-integration-testing\softwareTestProj2-integration-testing\testMethodProj2\startApplicationS.h(54,11): error C2001: newline in constant
C:\Users\uw543e\source\repos\softwareTestProj2-integration-testing\softwareTestProj2-integration-testing\testMethodProj2\startApplicationS.h(90,11): error C2001: newline in constant
C:\Users\uw543e\source\repos\softwareTestProj2-integration-testing\softwareTestProj2-integration-testing\testMethodProj2\startApplicationS.h(91,11): error C2001: newline in constant
C:\Users\uw543e\source\repos\softwareTestProj2-integration-testing\softwareTestProj2-integration-testing\testMethodProj2\startApplicationS.h(125,11): error C2001: newline in constant
C:\Users\uw543e\source\repos\softwareTestProj2-integration-testing\softwareTestProj2-integration-testing\testMethodProj2\startApplicationS.h(126,11): error C2001: newline in constant
C:\Users\uw543e\source\repos\softwareTestProj2-integration-testing\softwareTestProj2-integration-testing\testMethodProj2\startApplicationS.h(127,11): error C2001: newline in constant
C:\Users\uw543e\source\repos\softwareTestProj2-integration-testing\softwareTestProj2-integration-testing\testMethodProj2\startApplicationS.h(168,11): error C2001: newline in constant
C:\Users\uw543e\source\repos\softwareTestProj2-integration-testing\softwareTestProj2-integration-testing\testMethodProj2\startApplicationS.h(169,11): error C2001: newline in constant
C:\Users\uw543e\source\repos\softwareTestProj2-integration-testing\softwareTestProj2-integration-testing\testMethodProj2\startApplicationS.h(170,11): error C2001: newline in constant
C:\Users\uw543e\source\repos\softwareTestProj2-integration-testing\softwareTestProj2-integration-testing\testMethodProj2\startApplicationS.h(236,10): error C2001: newline in constant
C:\Users\uw543e\source\repos\softwareTestProj2-integration-testing\softwareTestProj2-integration-testing\testMethodProj2\startApplicationS.h(246,10): error C2001: newline in constant
C:\Users\uw543e\source\repos\softwareTestProj2-integration-testing\softwareTestProj2-integration-testing\testMethodProj2\startApplicationS.h(54,3): error C2146: syntax error: missing ';' before identifier 'cout'
C:\Users\uw543e\source\repos\softwareTestProj2-integration-testing\softwareTestProj2-integration-testing\testMethodProj2\startApplicationS.h(55,3): error C2146: syntax error: missing ';' before identifier 'cout'
C:\Users\uw543e\source\repos\softwareTestProj2-integration-testing\softwareTestProj2-integration-testing\testMethodProj2\startApplicationS.h(91,3): error C2146: syntax error: missing ';' before identifier 'cout'
C:\Users\uw543e\source\repos\softwareTestProj2-integration-testing\softwareTestProj2-integration-testing\testMethodProj2\startApplicationS.h(92,3): error C2146: syntax error: missing ';' before identifier 'cout'
C:\Users\uw543e\source\repos\softwareTestProj2-integration-testing\softwareTestProj2-integration-testing\testMethodProj2\startApplicationS.h(126,3): error C2146: syntax error: missing ';' before identifier 'cout'
C:\Users\uw543e\source\repos\softwareTestProj2-integration-testing\softwareTestProj2-integration-testing\testMethodProj2\startApplicationS.h(127,3): error C2146: syntax error: missing ';' before identifier 'cout'
C:\Users\uw543e\source\repos\softwareTestProj2-integration-testing\softwareTestProj2-integration-testing\testMethodProj2\startApplicationS.h(128,3): error C2146: syntax error: missing ';' before identifier 'cout'
C:\Users\uw543e\source\repos\softwareTestProj2-integration-testing\softwareTestProj2-integration-testing\testMethodProj2\startApplicationS.h(169,3): error C2146: syntax error: missing ';' before identifier 'cout'
C:\Users\uw543e\source\repos\softwareTestProj2-integration-testing\softwareTestProj2-integration-testing\testMethodProj2\startApplicationS.h(170,3): error C2146: syntax error: missing ';' before identifier 'cout'
C:\Users\uw543e\source\repos\softwareTestProj2-integration-testing\softwareTestProj2-integration-testing\testMethodProj2\startApplicationS.h(171,3): error C2146: syntax error: missing ';' before identifier 'cout'
C:\Users\uw543e\source\repos\softwareTestProj2-integration-testing\softwareTestProj2-integration-testing\testMethodProj2\startApplicationS.h(237,2): error C2143: syntax error: missing ';' before '}'
C:\Users\uw543e\source\repos\softwareTestProj2-integration-testing\softwareTestProj2-integration-testing\testMethodProj2\startApplicationS.h(247,2): error C2143: syntax error: missing ';' before '}'
C:\Users\uw543e\source\repos\softwareTestProj2-integration-testing\softwareTestProj2-integration-testing\testMethodProj2\main.cpp(25,10): error C2001: newline in constant
C:\Users\uw543e\source\repos\softwareTestProj2-integration-testing\softwareTestProj2-integration-testing\testMethodProj2\main.cpp(26,2): error C2146: syntax error: missing ';' before identifier 'getline'
